%!Adobe-FontList 1.23
%Locale:0x409

%BeginFont
Handler:DirectoryHandler
FontType:Invalid
OutlineFileName:/Users/cheeyong.lam/Desktop/TM Brand Refresh/Brand Guideline December/TM Guidelines_v1_6Dec2022 Folder/Document fonts/AdobeFnt23.lst
FileLength:5991
FileModTime:692282387
%EndFont

%BeginFont
Handler:DirectoryHandler
FontType:Type1
FontName:HKGroteskWide-Black
FamilyName:HK Grotesk Wide
StyleName:Black
MenuName:HK Grotesk Wide Black
StyleBits:0
WeightClass:900
WidthClass:7
AngleClass:0
FullName:HK Grotesk Wide Black
WritingScript:Roman
OutlineFileName:/Users/cheeyong.lam/Desktop/TM Brand Refresh/Brand Guideline December/TM Guidelines_v1_6Dec2022 Folder/Document fonts/HKGroteskWide-Black.otf
DataFormat:sfntData
UsesStandardEncoding:yes
isCFF:yes
hasSVG:no
VariableFontType:NonVariableFont
FileLength:64496
FileModTime:679820400
NameArray:0,Mac,4,HK Grotesk Wide Black
NameArray:0,Win,1,HK Grotesk Wide Black
NameArray:0,Win,16,HK Grotesk Wide
%EndFont

%BeginFont
Handler:DirectoryHandler
FontType:Type1
FontName:HKGroteskWide-Bold
FamilyName:HK Grotesk Wide
StyleName:Bold
MenuName:HK Grotesk Wide
StyleBits:2
WeightClass:700
WidthClass:7
AngleClass:0
FullName:HK Grotesk Wide Bold
WritingScript:Roman
OutlineFileName:/Users/cheeyong.lam/Desktop/TM Brand Refresh/Brand Guideline December/TM Guidelines_v1_6Dec2022 Folder/Document fonts/HKGroteskWide-Bold.otf
DataFormat:sfntData
UsesStandardEncoding:yes
isCFF:yes
hasSVG:no
VariableFontType:NonVariableFont
FileLength:61812
FileModTime:611505348
NameArray:0,Mac,4,HK Grotesk Wide Bold
NameArray:0,Win,1,HK Grotesk Wide
%EndFont

%BeginFont
Handler:DirectoryHandler
FontType:Type1
FontName:MinionPro-Regular
FamilyName:Minion Pro
StyleName:Regular
MenuName:Minion Pro
StyleBits:0
WeightClass:400
WidthClass:5
AngleClass:0
FullName:Minion Pro
WritingScript:Roman
OutlineFileName:/Users/cheeyong.lam/Desktop/TM Brand Refresh/Brand Guideline December/TM Guidelines_v1_6Dec2022 Folder/Document fonts/MinionPro-Regular.otf
DataFormat:sfntData
UsesStandardEncoding:yes
isCFF:yes
hasSVG:no
VariableFontType:NonVariableFont
FileLength:218640
FileModTime:691427940
DesignSize:110
NameArray:0,Mac,4,Minion Pro
NameArray:0,Win,1,Minion Pro
%EndFont

%BeginFont
Handler:DirectoryHandler
FontType:TrueType
FontName:Roboto-Black
FamilyName:Roboto
StyleName:Black
MenuName:Roboto Black
StyleBits:0
WeightClass:900
WidthClass:5
AngleClass:0
FullName:Roboto Black
WritingScript:Roman
OutlineFileName:/Users/cheeyong.lam/Desktop/TM Brand Refresh/Brand Guideline December/TM Guidelines_v1_6Dec2022 Folder/Document fonts/Roboto-Black.ttf
DataFormat:sfntData
hasSVG:no
VariableFontType:NonVariableFont
FileLength:168060
FileModTime:379353600
NameArray:0,Win,1,Roboto Black
NameArray:0,Win,16,Roboto
%EndFont

%BeginFont
Handler:DirectoryHandler
FontType:TrueType
FontName:Roboto-Bold
FamilyName:Roboto
StyleName:Bold
MenuName:Roboto
StyleBits:2
WeightClass:700
WidthClass:5
AngleClass:0
FullName:Roboto Bold
WritingScript:Roman
OutlineFileName:/Users/cheeyong.lam/Desktop/TM Brand Refresh/Brand Guideline December/TM Guidelines_v1_6Dec2022 Folder/Document fonts/Roboto-Bold.ttf
DataFormat:sfntData
hasSVG:no
VariableFontType:NonVariableFont
FileLength:167336
FileModTime:379353600
NameArray:0,Win,1,Roboto
%EndFont

%BeginFont
Handler:DirectoryHandler
FontType:TrueType
FontName:Roboto-Light
FamilyName:Roboto
StyleName:Light
MenuName:Roboto Light
StyleBits:0
WeightClass:300
WidthClass:5
AngleClass:0
FullName:Roboto Light
WritingScript:Roman
OutlineFileName:/Users/cheeyong.lam/Desktop/TM Brand Refresh/Brand Guideline December/TM Guidelines_v1_6Dec2022 Folder/Document fonts/Roboto-Light.ttf
DataFormat:sfntData
hasSVG:no
VariableFontType:NonVariableFont
FileLength:167000
FileModTime:379353600
NameArray:0,Win,1,Roboto Light
NameArray:0,Win,16,Roboto
%EndFont

%BeginFont
Handler:DirectoryHandler
FontType:TrueType
FontName:Roboto-LightItalic
FamilyName:Roboto
StyleName:Light Italic
MenuName:Roboto Light
StyleBits:1
WeightClass:300
WidthClass:5
AngleClass:1
FullName:Roboto Light Italic
WritingScript:Roman
OutlineFileName:/Users/cheeyong.lam/Desktop/TM Brand Refresh/Brand Guideline December/TM Guidelines_v1_6Dec2022 Folder/Document fonts/Roboto-LightItalic.ttf
DataFormat:sfntData
hasSVG:no
VariableFontType:NonVariableFont
FileLength:173172
FileModTime:379353600
NameArray:0,Win,1,Roboto Light
NameArray:0,Win,16,Roboto
%EndFont

%BeginFont
Handler:DirectoryHandler
FontType:TrueType
FontName:Roboto-Medium
FamilyName:Roboto
StyleName:Medium
MenuName:Roboto Medium
StyleBits:0
WeightClass:500
WidthClass:5
AngleClass:0
FullName:Roboto Medium
WritingScript:Roman
OutlineFileName:/Users/cheeyong.lam/Desktop/TM Brand Refresh/Brand Guideline December/TM Guidelines_v1_6Dec2022 Folder/Document fonts/Roboto-Medium.ttf
DataFormat:sfntData
hasSVG:no
VariableFontType:NonVariableFont
FileLength:168644
FileModTime:379353600
NameArray:0,Win,1,Roboto Medium
NameArray:0,Win,16,Roboto
%EndFont

%BeginFont
Handler:DirectoryHandler
FontType:TrueType
FontName:Roboto-Regular
FamilyName:Roboto
StyleName:Regular
MenuName:Roboto
StyleBits:0
WeightClass:400
WidthClass:5
AngleClass:0
FullName:Roboto
WritingScript:Roman
OutlineFileName:/Users/cheeyong.lam/Desktop/TM Brand Refresh/Brand Guideline December/TM Guidelines_v1_6Dec2022 Folder/Document fonts/Roboto-Regular.ttf
DataFormat:sfntData
hasSVG:no
VariableFontType:NonVariableFont
FileLength:168260
FileModTime:379353600
NameArray:0,Win,1,Roboto
%EndFont

%BeginFont
Handler:DirectoryHandler
FontType:TrueType
FontName:Roboto-Thin
FamilyName:Roboto
StyleName:Thin
MenuName:Roboto Thin
StyleBits:0
WeightClass:250
WidthClass:5
AngleClass:0
FullName:Roboto Thin
WritingScript:Roman
OutlineFileName:/Users/cheeyong.lam/Desktop/TM Brand Refresh/Brand Guideline December/TM Guidelines_v1_6Dec2022 Folder/Document fonts/Roboto-Thin.ttf
DataFormat:sfntData
hasSVG:no
VariableFontType:NonVariableFont
FileLength:168488
FileModTime:379353600
NameArray:0,Win,1,Roboto Thin
NameArray:0,Win,16,Roboto
%EndFont

